<?xml version="1.0" encoding="UTF-8"?>
<!-- Generated by org.testng.reporters.JUnitReportReporter -->
<testsuite hostname="DESKTOP-UK23C7F" failures="0" tests="1" name="page.tests.AccountAndCartTest" time="28.256" errors="0" timestamp="2019-12-26T21:04:37 CET" skipped="0">
  <testcase classname="page.tests.AccountAndCartTest" name="testEditData" time="28.256"/>
</testsuite> <!-- page.tests.AccountAndCartTest -->
