<?xml version="1.0" encoding="UTF-8"?>
<!-- Generated by org.testng.reporters.JUnitReportReporter -->
<testsuite hostname="DESKTOP-UK23C7F" failures="0" tests="3" name="page.tests.PetStoreMenuTest" time="34.775" errors="0" timestamp="2019-12-26T20:40:09 CET" skipped="0">
  <testcase classname="page.tests.PetStoreMenuTest" name="testUrl" time="6.359"/>
  <testcase classname="page.tests.PetStoreMenuTest" name="testNavigateBack" time="6.433"/>
  <testcase classname="page.tests.PetStoreMenuTest" name="clickAndNavigation" time="21.983"/>
</testsuite> <!-- page.tests.PetStoreMenuTest -->
