<?xml version="1.0" encoding="UTF-8"?>
<!-- Generated by org.testng.reporters.JUnitReportReporter -->
<testsuite hostname="DESKTOP-UK23C7F" failures="0" tests="4" name="page.tests.RegistrationTest" time="65.117" errors="0" timestamp="2019-12-26T19:50:06 CET" skipped="0">
  <testcase classname="page.tests.RegistrationTest" name="testUrl" time="13.628"/>
  <testcase classname="page.tests.RegistrationTest" name="testRegisterBlankFields" time="15.631"/>
  <testcase classname="page.tests.RegistrationTest" name="testWrongRepeatPass" time="19.366"/>
  <testcase classname="page.tests.RegistrationTest" name="testDuplicateRegister" time="16.492"/>
</testsuite> <!-- page.tests.RegistrationTest -->
