<?xml version="1.0" encoding="UTF-8"?>
<!-- Generated by org.testng.reporters.JUnitReportReporter -->
<testsuite hostname="DESKTOP-UK23C7F" failures="0" tests="2" name="page.tests.HomePageTest" time="16.938" errors="0" timestamp="2019-12-26T19:45:11 CET" skipped="0">
  <testcase classname="page.tests.HomePageTest" name="homePageUrlAndTitle" time="8.081"/>
  <testcase classname="page.tests.HomePageTest" name="enterButton" time="8.857"/>
</testsuite> <!-- page.tests.HomePageTest -->
