<?xml version="1.0" encoding="UTF-8"?>
<!-- Generated by org.testng.reporters.JUnitReportReporter -->
<testsuite hostname="DESKTOP-UK23C7F" failures="0" tests="1" name="page.tests.CartTest" time="20.185" errors="0" timestamp="2019-12-26T18:48:30 CET" skipped="0">
  <testcase classname="page.tests.CartTest" name="testAddToChart" time="20.185"/>
</testsuite> <!-- page.tests.CartTest -->
