<?xml version="1.0" encoding="UTF-8"?>
<!-- Generated by org.testng.reporters.JUnitReportReporter -->
<testsuite hostname="DESKTOP-UK23C7F" failures="0" tests="1" name="page.tests.CardTest" time="15.071" errors="0" timestamp="2019-12-26T18:13:15 CET" skipped="0">
  <testcase classname="page.tests.CardTest" name="testAddToChart" time="15.071"/>
</testsuite> <!-- page.tests.CardTest -->
